Using pre-set license

 COMMAND LINE ARGUMENTS:
/Users/isaacboots/Documents/Development/GameDev/Unity/Unity_Editors/2020.2.4f1/Unity.app/Contents/MacOS/Unity
-adb2
-batchMode
-noUpm
-name
AssetImportWorker0
-projectPath
/Users/isaacboots/Documents/GitHub/coderdude2_gameoff_2021/Bug
-logFile
Logs/AssetImportWorker0.log
-srvPort
52980
Successfully changed project path to: /Users/isaacboots/Documents/GitHub/coderdude2_gameoff_2021/Bug
/Users/isaacboots/Documents/GitHub/coderdude2_gameoff_2021/Bug
Using Asset Import Pipeline V2.
Refreshing native plugins compatible for Editor in 73.08 ms, found 2 plugins.
Preloading 0 native plugins for Editor in 0.00 ms.
Initialize engine version: 2020.2.4f1 (becced5a802b)
[Subsystems] Discovering subsystems at path /Users/isaacboots/Documents/Development/GameDev/Unity/Unity_Editors/2020.2.4f1/Unity.app/Contents/Resources/UnitySubsystems
[Subsystems] Discovering subsystems at path /Users/isaacboots/Documents/GitHub/coderdude2_gameoff_2021/Bug/Assets
GfxDevice: creating device client; threaded=0
2021-11-03 21:12:10.741 Unity[12783:396102] iMac preferred device: Intel(R) Iris(TM) Pro Graphics 6200 (low power)
2021-11-03 21:12:10.741 Unity[12783:396102] Metal devices available: 1
2021-11-03 21:12:10.741 Unity[12783:396102] 0: Intel(R) Iris(TM) Pro Graphics 6200 (low power)
2021-11-03 21:12:10.742 Unity[12783:396102] Using device Intel(R) Iris(TM) Pro Graphics 6200 (low power)
Initializing Metal device caps: Intel(R) Iris(TM) Pro Graphics 6200
Initialize mono
Mono path[0] = '/Users/isaacboots/Documents/Development/GameDev/Unity/Unity_Editors/2020.2.4f1/Unity.app/Contents/Managed'
Mono path[1] = '/Users/isaacboots/Documents/Development/GameDev/Unity/Unity_Editors/2020.2.4f1/Unity.app/Contents/MonoBleedingEdge/lib/mono/unityjit'
Mono config path = '/Users/isaacboots/Documents/Development/GameDev/Unity/Unity_Editors/2020.2.4f1/Unity.app/Contents/MonoBleedingEdge/etc'
Using monoOptions --debugger-agent=transport=dt_socket,embedding=1,server=y,suspend=n,address=127.0.0.1:56783
Begin MonoManager ReloadAssembly
Registering precompiled unity dll's ...
Register platform support module: /Users/isaacboots/Documents/Development/GameDev/Unity/Unity_Editors/2020.2.4f1/PlaybackEngines/WebGLSupport/UnityEditor.WebGL.Extensions.dll
Register platform support module: /Users/isaacboots/Documents/Development/GameDev/Unity/Unity_Editors/2020.2.4f1/Unity.app/Contents/PlaybackEngines/MacStandaloneSupport/UnityEditor.OSXStandalone.Extensions.dll
Register platform support module: /Users/isaacboots/Documents/Development/GameDev/Unity/Unity_Editors/2020.2.4f1/PlaybackEngines/WindowsStandaloneSupport/UnityEditor.WindowsStandalone.Extensions.dll
Registered in 0.001052 seconds.
Native extension for WindowsStandalone target not found
Native extension for OSXStandalone target not found
Native extension for WebGL target not found
Refreshing native plugins compatible for Editor in 36.09 ms, found 2 plugins.
Preloading 0 native plugins for Editor in 0.00 ms.
Invoked RoslynAnalysisRunner static constructor.
RoslynAnalysisRunner will not be running.
RoslynAnalysisRunner has terminated.
Mono: successfully reloaded assembly
- Completed reload, in  2.262 seconds
Platform modules already initialized, skipping
Registering precompiled user dll's ...
Registered in 0.000478 seconds.
Begin MonoManager ReloadAssembly
Native extension for WindowsStandalone target not found
Native extension for OSXStandalone target not found
Native extension for WebGL target not found
Refreshing native plugins compatible for Editor in 35.37 ms, found 2 plugins.
Preloading 0 native plugins for Editor in 0.00 ms.
Invoked RoslynAnalysisRunner static constructor.
RoslynAnalysisRunner will not be running.
RoslynAnalysisRunner has terminated.
Mono: successfully reloaded assembly
- Completed reload, in  1.010 seconds
Platform modules already initialized, skipping
========================================================================
Worker process is ready to serve import requests
Launching external process: /Users/isaacboots/Documents/Development/GameDev/Unity/Unity_Editors/2020.2.4f1/Unity.app/Contents/Tools/UnityShaderCompiler
Launched and connected shader compiler UnityShaderCompiler after 0.02 seconds
Refreshing native plugins compatible for Editor in 0.34 ms, found 2 plugins.
Preloading 0 native plugins for Editor in 0.00 ms.
Unloading 1797 Unused Serialized files (Serialized files now loaded: 0)
System memory in use before: 172.6 MB.
System memory in use after: 172.6 MB.

Unloading 24 unused Assets to reduce memory usage. Loaded Objects now: 2238.
Total: 2.169344 ms (FindLiveObjects: 0.219143 ms CreateObjectMapping: 0.053267 ms MarkObjects: 1.772734 ms  DeleteObjects: 0.123265 ms)

========================================================================
Received Import Request.
  path: Assets
  artifactKey: Guid(00000000000000001000000000000000) Importer(815301076,1909f56bfc062723c751e8b465ee728b)
Start importing Assets using Guid(00000000000000001000000000000000) Importer(815301076,1909f56bfc062723c751e8b465ee728b)  -> (artifact id: 'edc3feb264a98656617d3c2cb59c8f16') in 0.010207 seconds
  Import took 0.037270 seconds .

AssetImportWorkerClient::OnTransportError - code=2 error=End of file
